Apr 13, 2019 10:23:03 AM nl.cypherpunk.statelearner.Learner <init>
INFO: Using TLS SUL
Apr 13, 2019 10:23:08 AM nl.cypherpunk.statelearner.Learner learn
INFO: Using learning algorithm ExtensibleLStarMealy
Apr 13, 2019 10:23:08 AM nl.cypherpunk.statelearner.Learner learn
INFO: Using equivalence algorithm MealyModifiedWMethodEQOracle
Apr 13, 2019 10:23:08 AM nl.cypherpunk.statelearner.Learner learn
INFO: Starting learning
Apr 13, 2019 10:23:08 AM de.learnlib.logging.LearnLogger logPhase
INFO: Starting round 1
Apr 13, 2019 10:38:28 AM nl.cypherpunk.statelearner.Learner learn
INFO: -------------------------------------------------------
Apr 13, 2019 10:38:28 AM nl.cypherpunk.statelearner.Learner learn
INFO: Learning [ms]: 139088, (139.088 s)
Searching for counter-example [ms]: 780150, (780.15 s)
Total time [ms]: 919339, (919.339 s)

Apr 13, 2019 10:38:28 AM nl.cypherpunk.statelearner.Learner learn
INFO: Rounds []: 1
Apr 13, 2019 10:38:28 AM nl.cypherpunk.statelearner.Learner learn
INFO: membership queries to SUL [queries]: 639
Apr 13, 2019 10:38:28 AM nl.cypherpunk.statelearner.Learner learn
INFO: membership queries to cache [queries]: 639
Apr 13, 2019 10:38:28 AM nl.cypherpunk.statelearner.Learner learn
INFO: equivalence queries to SUL [queries]: 1185
Apr 13, 2019 10:38:28 AM nl.cypherpunk.statelearner.Learner learn
INFO: equivalence queries to cache [queries]: 1185
Apr 13, 2019 10:38:28 AM nl.cypherpunk.statelearner.Learner learn
INFO: States in final hypothesis: 7
