Apr 17, 2019 5:36:22 PM de.learnlib.logging.LearnLogger logQuery
INFO: [ε | ε / ε | ε]
Apr 17, 2019 5:36:22 PM de.learnlib.logging.LearnLogger logQuery
INFO: [ε | ClientHelloRSA / ε | Empty]
Apr 17, 2019 5:36:23 PM de.learnlib.logging.LearnLogger logQuery
INFO: [ε | ε / ε | ε]
Apr 17, 2019 5:36:23 PM de.learnlib.logging.LearnLogger logQuery
INFO: [ε | ClientHelloRSA / ε | Empty]
Apr 17, 2019 5:36:23 PM de.learnlib.logging.LearnLogger logQuery
INFO: [ε | ε / ε | ε]
Apr 17, 2019 5:36:23 PM de.learnlib.logging.LearnLogger logQuery
INFO: [ε | ClientHelloRSA / ε | Empty]
Apr 17, 2019 5:36:23 PM de.learnlib.logging.LearnLogger logQuery
INFO: [ε | ε / ε | ε]
Apr 17, 2019 5:36:23 PM de.learnlib.logging.LearnLogger logQuery
INFO: [ε | ClientHelloRSA / ε | Empty]
Apr 17, 2019 5:36:23 PM de.learnlib.logging.LearnLogger logQuery
INFO: [ε | ε / ε | ε]
Apr 17, 2019 5:36:23 PM de.learnlib.logging.LearnLogger logQuery
INFO: [ε | ClientHelloRSA / ε | Empty]
Apr 17, 2019 5:36:23 PM de.learnlib.logging.LearnLogger logQuery
INFO: [ε | ε / ε | ε]
Apr 17, 2019 5:36:23 PM de.learnlib.logging.LearnLogger logQuery
INFO: [ε | ClientHelloRSA / ε | Empty]
Apr 17, 2019 5:36:24 PM de.learnlib.logging.LearnLogger logQuery
INFO: [ε | ε / ε | ε]
Apr 17, 2019 5:36:24 PM de.learnlib.logging.LearnLogger logQuery
INFO: [ε | ClientHelloRSA / ε | Empty]
Apr 17, 2019 5:36:24 PM de.learnlib.logging.LearnLogger logQuery
INFO: [ε | ε / ε | ε]
Apr 17, 2019 5:36:24 PM de.learnlib.logging.LearnLogger logQuery
INFO: [ε | ClientHelloRSA / ε | Empty]
Apr 17, 2019 5:36:24 PM de.learnlib.logging.LearnLogger logQuery
INFO: [ε | ε / ε | ε]
Apr 17, 2019 5:36:25 PM de.learnlib.logging.LearnLogger logQuery
INFO: [ε | ClientHelloRSA / ε | Empty]
Apr 17, 2019 5:36:25 PM de.learnlib.logging.LearnLogger logQuery
INFO: [ε | ε / ε | ε]
Apr 17, 2019 5:36:25 PM de.learnlib.logging.LearnLogger logQuery
INFO: [ε | ClientHelloRSA / ε | Empty]
Apr 17, 2019 5:36:25 PM de.learnlib.logging.LearnLogger logQuery
INFO: [ε | ε / ε | ε]
Apr 17, 2019 5:36:25 PM de.learnlib.logging.LearnLogger logQuery
INFO: [ε | ClientHelloRSA / ε | Empty]
Apr 17, 2019 5:36:26 PM de.learnlib.logging.LearnLogger logQuery
INFO: [ε | ε / ε | ε]
Apr 17, 2019 5:36:26 PM de.learnlib.logging.LearnLogger logQuery
INFO: [ε | ClientHelloRSA / ε | Empty]
Apr 17, 2019 5:36:26 PM de.learnlib.logging.LearnLogger logQuery
INFO: [ε | ε / ε | ε]
Apr 17, 2019 5:36:26 PM de.learnlib.logging.LearnLogger logQuery
INFO: [ε | ClientHelloRSA / ε | Empty]
Apr 17, 2019 5:36:27 PM de.learnlib.logging.LearnLogger logQuery
INFO: [ε | ε / ε | ε]
Apr 17, 2019 5:36:27 PM de.learnlib.logging.LearnLogger logQuery
INFO: [ε | ClientHelloRSA / ε | Empty]
Apr 17, 2019 5:36:27 PM de.learnlib.logging.LearnLogger logQuery
INFO: [ε | ε / ε | ε]
Apr 17, 2019 5:36:27 PM de.learnlib.logging.LearnLogger logQuery
INFO: [ε | ClientHelloRSA / ε | Empty]
Apr 17, 2019 5:36:27 PM de.learnlib.logging.LearnLogger logQuery
INFO: [ε | ε / ε | ε]
Apr 17, 2019 5:36:27 PM de.learnlib.logging.LearnLogger logQuery
INFO: [ε | ClientHelloRSA / ε | Empty]
Apr 17, 2019 5:36:28 PM de.learnlib.logging.LearnLogger logQuery
INFO: [ε | ε / ε | ε]
Apr 17, 2019 5:36:28 PM de.learnlib.logging.LearnLogger logQuery
INFO: [ε | ClientHelloRSA / ε | HandshakeServerHelloTLSv12HandshakeCertificateHandshakeServerHelloDone]
Apr 17, 2019 5:36:28 PM de.learnlib.logging.LearnLogger logQuery
INFO: [ε | ClientHelloRSA ClientHelloRSA / ε | HandshakeServerHelloTLSv12HandshakeCertificateHandshakeServerHelloDone Alert2.10ConnectionClosed]
Apr 17, 2019 5:36:28 PM de.learnlib.logging.LearnLogger logQuery
INFO: [ε | ClientHelloRSA ClientKeyExchange / ε | HandshakeServerHelloTLSv12HandshakeCertificateHandshakeServerHelloDone Empty]
Apr 17, 2019 5:36:28 PM de.learnlib.logging.LearnLogger logQuery
INFO: [ε | ClientHelloRSA ChangeCipherSpec / ε | HandshakeServerHelloTLSv12HandshakeCertificateHandshakeServerHelloDone Alert2.10ConnectionClosed]
Apr 17, 2019 5:36:28 PM de.learnlib.logging.LearnLogger logQuery
INFO: [ε | ClientHelloRSA Alert10 / ε | HandshakeServerHelloTLSv12HandshakeCertificateHandshakeServerHelloDone ConnectionClosed]
Apr 17, 2019 5:36:28 PM de.learnlib.logging.LearnLogger logQuery
INFO: [ε | ClientHelloRSA EmptyCertificate / ε | HandshakeServerHelloTLSv12HandshakeCertificateHandshakeServerHelloDone Alert2.10ConnectionClosed]
Apr 17, 2019 5:36:29 PM de.learnlib.logging.LearnLogger logQuery
INFO: [ε | ClientHelloRSA ClientHelloDHE / ε | HandshakeServerHelloTLSv12HandshakeCertificateHandshakeServerHelloDone Alert2.10ConnectionClosed]
Apr 17, 2019 5:36:29 PM de.learnlib.logging.LearnLogger logQuery
INFO: [ε | ClientHelloRSA Finished / ε | HandshakeServerHelloTLSv12HandshakeCertificateHandshakeServerHelloDone Alert2.10ConnectionClosed]
Apr 17, 2019 5:36:29 PM de.learnlib.logging.LearnLogger logQuery
INFO: [ε | ClientHelloRSA ClientHelloRSA ClientHelloDHE / ε | HandshakeServerHelloTLSv12HandshakeCertificateHandshakeServerHelloDone Alert2.10ConnectionClosed ConnectionClosed]
Apr 17, 2019 5:36:29 PM de.learnlib.logging.LearnLogger logQuery
INFO: [ε | ClientHelloRSA ApplicationData / ε | HandshakeServerHelloTLSv12HandshakeCertificateHandshakeServerHelloDone Alert2.10ConnectionClosed]
Apr 17, 2019 5:36:29 PM de.learnlib.logging.LearnLogger logQuery
INFO: [ε | ClientHelloDHE / ε | HandshakeServerHelloTLSv12HandshakeCertificateHandshakeServerKeyExchangeHandshakeServerHelloDone]
Apr 17, 2019 5:36:29 PM de.learnlib.logging.LearnLogger logQuery
INFO: [ε | ClientHelloDHE ClientHelloRSA / ε | HandshakeServerHelloTLSv12HandshakeCertificateHandshakeServerKeyExchangeHandshakeServerHelloDone Alert2.10ConnectionClosed]
Apr 17, 2019 5:36:29 PM de.learnlib.logging.LearnLogger logQuery
INFO: [ε | ClientHelloDHE ClientKeyExchange / ε | HandshakeServerHelloTLSv12HandshakeCertificateHandshakeServerKeyExchangeHandshakeServerHelloDone Empty]
Apr 17, 2019 5:36:29 PM de.learnlib.logging.LearnLogger logQuery
INFO: [ε | ClientHelloDHE ChangeCipherSpec / ε | HandshakeServerHelloTLSv12HandshakeCertificateHandshakeServerKeyExchangeHandshakeServerHelloDone Alert2.10ConnectionClosed]
Apr 17, 2019 5:36:30 PM de.learnlib.logging.LearnLogger logQuery
INFO: [ε | ClientHelloDHE Alert10 / ε | HandshakeServerHelloTLSv12HandshakeCertificateHandshakeServerKeyExchangeHandshakeServerHelloDone ConnectionClosed]
Apr 17, 2019 5:36:30 PM de.learnlib.logging.LearnLogger logQuery
INFO: [ε | ClientHelloDHE EmptyCertificate / ε | HandshakeServerHelloTLSv12HandshakeCertificateHandshakeServerKeyExchangeHandshakeServerHelloDone Alert2.10ConnectionClosed]
Apr 17, 2019 5:36:30 PM de.learnlib.logging.LearnLogger logQuery
INFO: [ε | ClientHelloDHE ClientHelloDHE / ε | HandshakeServerHelloTLSv12HandshakeCertificateHandshakeServerKeyExchangeHandshakeServerHelloDone Alert2.10ConnectionClosed]
Apr 17, 2019 5:36:30 PM de.learnlib.logging.LearnLogger logQuery
INFO: [ε | ClientHelloDHE Finished / ε | HandshakeServerHelloTLSv12HandshakeCertificateHandshakeServerKeyExchangeHandshakeServerHelloDone Alert2.10ConnectionClosed]
Apr 17, 2019 5:36:30 PM de.learnlib.logging.LearnLogger logQuery
INFO: [ε | ClientHelloDHE ClientHelloRSA ClientHelloDHE / ε | HandshakeServerHelloTLSv12HandshakeCertificateHandshakeServerKeyExchangeHandshakeServerHelloDone Alert2.10ConnectionClosed ConnectionClosed]
Apr 17, 2019 5:36:30 PM de.learnlib.logging.LearnLogger logQuery
INFO: [ε | ClientHelloDHE ApplicationData / ε | HandshakeServerHelloTLSv12HandshakeCertificateHandshakeServerKeyExchangeHandshakeServerHelloDone Alert2.10ConnectionClosed]
Apr 17, 2019 5:36:30 PM de.learnlib.logging.LearnLogger logQuery
INFO: [ε | EmptyCertificate / ε | Alert2.10ConnectionClosed]
Apr 17, 2019 5:36:30 PM de.learnlib.logging.LearnLogger logQuery
INFO: [ε | ClientKeyExchange / ε | Alert2.10ConnectionClosed]
Apr 17, 2019 5:36:30 PM de.learnlib.logging.LearnLogger logQuery
INFO: [ε | ChangeCipherSpec / ε | ConnectionClosed]
Apr 17, 2019 5:36:30 PM de.learnlib.logging.LearnLogger logQuery
INFO: [ε | Finished / ε | Alert2.10ConnectionClosed]
Apr 17, 2019 5:36:30 PM de.learnlib.logging.LearnLogger logQuery
INFO: [ε | ApplicationData / ε | ConnectionClosed]
Apr 17, 2019 5:36:30 PM de.learnlib.logging.LearnLogger logQuery
INFO: [ε | ApplicationDataEmpty / ε | ConnectionClosed]
Apr 17, 2019 5:36:30 PM de.learnlib.logging.LearnLogger logQuery
INFO: [ε | Alert10 / ε | ConnectionClosed]
Apr 17, 2019 5:36:30 PM de.learnlib.logging.LearnLogger logQuery
INFO: [ε | ClientHelloRSA ClientKeyExchange / ε | HandshakeServerHelloTLSv12HandshakeCertificateHandshakeServerHelloDone Empty]
Apr 17, 2019 5:36:31 PM de.learnlib.logging.LearnLogger logQuery
INFO: [ε | ClientHelloRSA ClientKeyExchange ClientHelloRSA / ε | HandshakeServerHelloTLSv12HandshakeCertificateHandshakeServerHelloDone Empty Alert2.10ConnectionClosed]
Apr 17, 2019 5:36:31 PM de.learnlib.logging.LearnLogger logQuery
INFO: [ε | ClientHelloRSA ClientKeyExchange ClientKeyExchange / ε | HandshakeServerHelloTLSv12HandshakeCertificateHandshakeServerHelloDone Empty Alert2.10ConnectionClosed]
Apr 17, 2019 5:36:31 PM de.learnlib.logging.LearnLogger logQuery
INFO: [ε | ClientHelloRSA ClientKeyExchange ChangeCipherSpec / ε | HandshakeServerHelloTLSv12HandshakeCertificateHandshakeServerHelloDone Empty Empty]
Apr 17, 2019 5:36:31 PM de.learnlib.logging.LearnLogger logQuery
INFO: [ε | ClientHelloRSA ClientKeyExchange Alert10 / ε | HandshakeServerHelloTLSv12HandshakeCertificateHandshakeServerHelloDone Empty ConnectionClosed]
Apr 17, 2019 5:36:32 PM de.learnlib.logging.LearnLogger logQuery
INFO: [ε | ClientHelloRSA ClientKeyExchange EmptyCertificate / ε | HandshakeServerHelloTLSv12HandshakeCertificateHandshakeServerHelloDone Empty Alert2.10ConnectionClosed]
Apr 17, 2019 5:36:32 PM de.learnlib.logging.LearnLogger logQuery
INFO: [ε | ClientHelloRSA ClientKeyExchange ClientHelloDHE / ε | HandshakeServerHelloTLSv12HandshakeCertificateHandshakeServerHelloDone Empty Alert2.10ConnectionClosed]
Apr 17, 2019 5:36:32 PM de.learnlib.logging.LearnLogger logQuery
INFO: [ε | ClientHelloRSA ClientKeyExchange Finished / ε | HandshakeServerHelloTLSv12HandshakeCertificateHandshakeServerHelloDone Empty Alert2.10ConnectionClosed]
Apr 17, 2019 5:36:32 PM de.learnlib.logging.LearnLogger logQuery
INFO: [ε | ClientHelloRSA ClientKeyExchange ClientHelloRSA ClientHelloDHE / ε | HandshakeServerHelloTLSv12HandshakeCertificateHandshakeServerHelloDone Empty Alert2.10ConnectionClosed ConnectionClosed]
Apr 17, 2019 5:36:32 PM de.learnlib.logging.LearnLogger logQuery
INFO: [ε | ClientHelloRSA ClientKeyExchange ApplicationData / ε | HandshakeServerHelloTLSv12HandshakeCertificateHandshakeServerHelloDone Empty Alert2.10ConnectionClosed]
Apr 17, 2019 5:36:33 PM de.learnlib.logging.LearnLogger logQuery
INFO: [ε | ClientHelloDHE ClientKeyExchange / ε | HandshakeServerHelloTLSv12HandshakeCertificateHandshakeServerKeyExchangeHandshakeServerHelloDone Empty]
Apr 17, 2019 5:36:33 PM de.learnlib.logging.LearnLogger logQuery
INFO: [ε | ClientHelloDHE ClientKeyExchange ClientHelloRSA / ε | HandshakeServerHelloTLSv12HandshakeCertificateHandshakeServerKeyExchangeHandshakeServerHelloDone Empty Alert2.10ConnectionClosed]
Apr 17, 2019 5:36:33 PM de.learnlib.logging.LearnLogger logQuery
INFO: [ε | ClientHelloDHE ClientKeyExchange ClientKeyExchange / ε | HandshakeServerHelloTLSv12HandshakeCertificateHandshakeServerKeyExchangeHandshakeServerHelloDone Empty Alert2.10ConnectionClosed]
Apr 17, 2019 5:36:33 PM de.learnlib.logging.LearnLogger logQuery
INFO: [ε | ClientHelloDHE ClientKeyExchange ChangeCipherSpec / ε | HandshakeServerHelloTLSv12HandshakeCertificateHandshakeServerKeyExchangeHandshakeServerHelloDone Empty Empty]
Apr 17, 2019 5:36:34 PM de.learnlib.logging.LearnLogger logQuery
INFO: [ε | ClientHelloDHE ClientKeyExchange Alert10 / ε | HandshakeServerHelloTLSv12HandshakeCertificateHandshakeServerKeyExchangeHandshakeServerHelloDone Empty ConnectionClosed]
Apr 17, 2019 5:36:34 PM de.learnlib.logging.LearnLogger logQuery
INFO: [ε | ClientHelloDHE ClientKeyExchange EmptyCertificate / ε | HandshakeServerHelloTLSv12HandshakeCertificateHandshakeServerKeyExchangeHandshakeServerHelloDone Empty Alert2.10ConnectionClosed]
Apr 17, 2019 5:36:34 PM de.learnlib.logging.LearnLogger logQuery
INFO: [ε | ClientHelloDHE ClientKeyExchange ClientHelloDHE / ε | HandshakeServerHelloTLSv12HandshakeCertificateHandshakeServerKeyExchangeHandshakeServerHelloDone Empty Alert2.10ConnectionClosed]
Apr 17, 2019 5:36:34 PM de.learnlib.logging.LearnLogger logQuery
INFO: [ε | ClientHelloDHE ClientKeyExchange Finished / ε | HandshakeServerHelloTLSv12HandshakeCertificateHandshakeServerKeyExchangeHandshakeServerHelloDone Empty Alert2.10ConnectionClosed]
Apr 17, 2019 5:36:34 PM de.learnlib.logging.LearnLogger logQuery
INFO: [ε | ClientHelloDHE ClientKeyExchange ClientHelloRSA ClientHelloDHE / ε | HandshakeServerHelloTLSv12HandshakeCertificateHandshakeServerKeyExchangeHandshakeServerHelloDone Empty Alert2.10ConnectionClosed ConnectionClosed]
Apr 17, 2019 5:36:35 PM de.learnlib.logging.LearnLogger logQuery
INFO: [ε | ClientHelloDHE ClientKeyExchange ApplicationData / ε | HandshakeServerHelloTLSv12HandshakeCertificateHandshakeServerKeyExchangeHandshakeServerHelloDone Empty Alert2.10ConnectionClosed]
Apr 17, 2019 5:36:35 PM de.learnlib.logging.LearnLogger logQuery
INFO: [ε | ClientHelloRSA ApplicationDataEmpty / ε | HandshakeServerHelloTLSv12HandshakeCertificateHandshakeServerHelloDone Empty]
Apr 17, 2019 5:36:35 PM de.learnlib.logging.LearnLogger logQuery
INFO: [ε | ClientHelloRSA ApplicationDataEmpty ClientHelloRSA / ε | HandshakeServerHelloTLSv12HandshakeCertificateHandshakeServerHelloDone Empty Alert2.10ConnectionClosed]
Apr 17, 2019 5:36:35 PM de.learnlib.logging.LearnLogger logQuery
INFO: [ε | ClientHelloRSA ApplicationDataEmpty ClientKeyExchange / ε | HandshakeServerHelloTLSv12HandshakeCertificateHandshakeServerHelloDone Empty Empty]
Apr 17, 2019 5:36:35 PM de.learnlib.logging.LearnLogger logQuery
INFO: [ε | ClientHelloRSA ApplicationDataEmpty ChangeCipherSpec / ε | HandshakeServerHelloTLSv12HandshakeCertificateHandshakeServerHelloDone Empty Alert2.10ConnectionClosed]
Apr 17, 2019 5:36:36 PM de.learnlib.logging.LearnLogger logQuery
INFO: [ε | ClientHelloRSA ApplicationDataEmpty Alert10 / ε | HandshakeServerHelloTLSv12HandshakeCertificateHandshakeServerHelloDone Empty ConnectionClosed]
